<?xml version="1.0" encoding="UTF-8"?>
<!-- Generated by org.testng.reporters.JUnitReportReporter -->
<testsuite skipped="0" hostname="LAPTOP-M68A40QS" name="TakesScreenShotWithUtility.WikiPage" tests="4" failures="0" timestamp="07 Mar 2018 20:13:04 GMT" time="12.738" errors="0">
  <testcase name="OpenPage" time="5.105" classname="TakesScreenShotWithUtility.WikiPage"/>
  <testcase name="getUrl" time="3.249" classname="TakesScreenShotWithUtility.WikiPage"/>
  <testcase name="clickonTalk" time="3.517" classname="TakesScreenShotWithUtility.WikiPage"/>
  <testcase name="close" time="0.867" classname="TakesScreenShotWithUtility.WikiPage"/>
</testsuite> <!-- TakesScreenShotWithUtility.WikiPage -->
