<?xml version="1.0" encoding="UTF-8"?>
<!-- Generated by org.testng.reporters.JUnitReportReporter -->
<testsuite skipped="0" hostname="LAPTOP-M68A40QS" name="drivers.demo" tests="1" failures="0" timestamp="07 Mar 2018 20:38:12 GMT" time="5.752" errors="0">
  <testcase name="open1" time="5.752" classname="drivers.demo"/>
</testsuite> <!-- drivers.demo -->
